[debug] [2025-11-19T02:47:20.184Z] ----------------------------------------------------------------------
[debug] [2025-11-19T02:47:20.186Z] Command:       C:\Program Files\nodejs\node.exe C:\Users\nicol\AppData\Roaming\npm\node_modules\firebase-tools\lib\bin\firebase.js init
[debug] [2025-11-19T02:47:20.187Z] CLI Version:   14.25.1
[debug] [2025-11-19T02:47:20.187Z] Platform:      win32
[debug] [2025-11-19T02:47:20.187Z] Node Version:  v22.20.0
[debug] [2025-11-19T02:47:20.187Z] Time:          Tue Nov 18 2025 23:47:20 GMT-0300 (hora de verano de Chile)
[debug] [2025-11-19T02:47:20.187Z] ----------------------------------------------------------------------
[debug] 
[info] 
     ######## #### ########  ######## ########     ###     ######  ########
     ##        ##  ##     ## ##       ##     ##  ##   ##  ##       ##
     ######    ##  ########  ######   ########  #########  ######  ######
     ##        ##  ##    ##  ##       ##     ## ##     ##       ## ##
     ##       #### ##     ## ######## ########  ##     ##  ######  ########

You're about to initialize a Firebase project in this directory:

  C:\Users\nicol\Documents\Proyectos\comet3\avgal-v2

[info] 
=== Project Setup
[info] 
[info] First, let's associate this project directory with a Firebase project.
[info] You can create multiple project aliases by running firebase use --add, 
[info] 
[debug] [2025-11-19T02:47:48.472Z] > command requires scopes: ["email","openid","https://www.googleapis.com/auth/cloudplatformprojects.readonly","https://www.googleapis.com/auth/firebase","https://www.googleapis.com/auth/cloud-platform"]
[debug] [2025-11-19T02:47:48.472Z] > authorizing via signed-in user (nijh1992@gmail.com)
[debug] [2025-11-19T02:47:48.473Z] Checked if tokens are valid: true, expires at: 1763524027472
[debug] [2025-11-19T02:47:48.473Z] Checked if tokens are valid: true, expires at: 1763524027472
[debug] [2025-11-19T02:47:48.474Z] >>> [apiv2][query] GET https://firebase.googleapis.com/v1beta1/projects pageSize=100
[debug] [2025-11-19T02:47:49.316Z] <<< [apiv2][status] GET https://firebase.googleapis.com/v1beta1/projects 200
[debug] [2025-11-19T02:47:49.316Z] <<< [apiv2][body] GET https://firebase.googleapis.com/v1beta1/projects [omitted]
[info] 
=== Hosting Setup
[debug] [2025-11-19T02:47:52.960Z] Checked if tokens are valid: true, expires at: 1763524027472
[debug] [2025-11-19T02:47:52.960Z] Checked if tokens are valid: true, expires at: 1763524027472
[debug] [2025-11-19T02:47:52.960Z] >>> [apiv2][query] GET https://firebase.googleapis.com/v1beta1/projects/avgalv2 [none]
[debug] [2025-11-19T02:47:53.253Z] <<< [apiv2][status] GET https://firebase.googleapis.com/v1beta1/projects/avgalv2 200
[debug] [2025-11-19T02:47:53.253Z] <<< [apiv2][body] GET https://firebase.googleapis.com/v1beta1/projects/avgalv2 {"projectId":"avgalv2","projectNumber":"532487408821","displayName":"AVGALv2","name":"projects/avgalv2","resources":{"hostingSite":"avgalv2"},"state":"ACTIVE","etag":"1_d98576c9-b29d-475f-972a-be5a08530392"}
[info] 
[info] Your public directory is the folder (relative to your project directory) that
[info] will contain Hosting assets to be uploaded with firebase deploy. If you
[info] have a build process for your assets, use your build's output directory.
[info] 
[debug] [2025-11-19T02:49:53.555Z] ExitPromptError: User force closed the prompt with SIGINT
    at Interface.sigint (C:\Users\nicol\AppData\Roaming\npm\node_modules\firebase-tools\node_modules\@inquirer\core\dist\commonjs\lib\create-prompt.js:101:37)
    at Interface.emit (node:events:519:28)
    at Interface.emit (node:domain:489:12)
    at [_ttyWrite] [as _ttyWrite] (node:internal/readline/interface:1128:18)
    at ReadStream.onkeypress (node:internal/readline/interface:271:20)
    at ReadStream.emit (node:events:531:35)
    at ReadStream.emit (node:domain:489:12)
    at emitKeys (node:internal/readline/utils:370:14)
    at emitKeys.next (<anonymous>)
    at ReadStream.onData (node:internal/readline/emitKeypressEvents:64:36)
[error] 
[error] Error: An unexpected error has occurred.
